[ 2014-11-20T00:04:16+08:00 ] ::1 /jpb/admin.php/API/request?action=apply_verify&cellphone=13661648386
INFO: [ app_init ] --START--
INFO: Run Behavior\BuildLiteBehavior [ RunTime:0.000016s ]
INFO: [ app_init ] --END-- [ RunTime:0.000094s ]
INFO: [ app_begin ] --START--
INFO: Run Behavior\ReadHtmlCacheBehavior [ RunTime:0.000482s ]
INFO: [ app_begin ] --END-- [ RunTime:0.000548s ]
SQL: SHOW COLUMNS FROM `jpb_verify_code` [ RunTime:0.000772s ]
SQL: INSERT INTO `jpb_verify_code` (`cellphone`,`code`,`create_at`) VALUES ('13661648386',1111,1416413056) [ RunTime:0.000286s ]
NOTIC: [8] Undefined variable: result /Users/yangmingzhou/www/jpb/Admin/Home/Controller/APIController.class.php 第 96 行.
INFO: [ app_end ] --START--
INFO: Run Behavior\ShowPageTraceBehavior [ RunTime:0.000354s ]
INFO: [ app_end ] --END-- [ RunTime:0.000393s ]

[ 2014-11-20T00:05:07+08:00 ] ::1 /jpb/admin.php/API/request?action=apply_verify&cellphone=13661648386
INFO: [ app_init ] --START--
INFO: Run Behavior\BuildLiteBehavior [ RunTime:0.000010s ]
INFO: [ app_init ] --END-- [ RunTime:0.000059s ]
INFO: [ app_begin ] --START--
INFO: Run Behavior\ReadHtmlCacheBehavior [ RunTime:0.000281s ]
INFO: [ app_begin ] --END-- [ RunTime:0.000322s ]
SQL: SHOW COLUMNS FROM `jpb_verify_code` [ RunTime:0.000986s ]
SQL: INSERT INTO `jpb_verify_code` (`cellphone`,`code`,`create_at`) VALUES ('13661648386',1111,1416413107) [ RunTime:0.000341s ]
INFO: [ app_end ] --START--
INFO: Run Behavior\ShowPageTraceBehavior [ RunTime:0.000406s ]
INFO: [ app_end ] --END-- [ RunTime:0.000453s ]

[ 2014-11-20T00:06:24+08:00 ] ::1 /jpb/admin.php/API/request?action=apply_verify&cellphone=13661648386
INFO: [ app_init ] --START--
INFO: Run Behavior\BuildLiteBehavior [ RunTime:0.000010s ]
INFO: [ app_init ] --END-- [ RunTime:0.000059s ]
INFO: [ app_begin ] --START--
INFO: Run Behavior\ReadHtmlCacheBehavior [ RunTime:0.000299s ]
INFO: [ app_begin ] --END-- [ RunTime:0.000341s ]
SQL: SHOW COLUMNS FROM `jpb_verify_code` [ RunTime:0.000946s ]
SQL: INSERT INTO `jpb_verify_code` (`cellphone`,`code`,`create_at`) VALUES ('13661648386',1111,1416413184) [ RunTime:0.000328s ]
INFO: [ app_end ] --START--
INFO: Run Behavior\ShowPageTraceBehavior [ RunTime:0.000335s ]
INFO: [ app_end ] --END-- [ RunTime:0.000379s ]

[ 2014-11-20T00:10:33+08:00 ] ::1 /jpb/admin.php/API/request?action=apply_verify&cellphone=13661648386
INFO: [ app_init ] --START--
INFO: Run Behavior\BuildLiteBehavior [ RunTime:0.000018s ]
INFO: [ app_init ] --END-- [ RunTime:0.000070s ]
INFO: [ app_begin ] --START--
INFO: Run Behavior\ReadHtmlCacheBehavior [ RunTime:0.000300s ]
INFO: [ app_begin ] --END-- [ RunTime:0.000342s ]

[ 2014-11-20T00:22:02+08:00 ] ::1 /jpb/admin.php/API/request?action=apply_verify&cellphone=13661648386
INFO: [ app_init ] --START--
INFO: Run Behavior\BuildLiteBehavior [ RunTime:0.000013s ]
INFO: [ app_init ] --END-- [ RunTime:0.000081s ]
INFO: [ app_begin ] --START--
INFO: Run Behavior\ReadHtmlCacheBehavior [ RunTime:0.000372s ]
INFO: [ app_begin ] --END-- [ RunTime:0.000416s ]
SQL: SHOW COLUMNS FROM `jpb_verify_code` [ RunTime:0.000737s ]
SQL: INSERT INTO `jpb_verify_code` (`cellphone`,`code`,`create_at`) VALUES ('13661648386',1111,1416414122) [ RunTime:0.000320s ]
INFO: [ app_end ] --START--
INFO: Run Behavior\ShowPageTraceBehavior [ RunTime:0.000322s ]
INFO: [ app_end ] --END-- [ RunTime:0.000371s ]

[ 2014-11-20T00:22:26+08:00 ] ::1 /jpb/admin.php/API/request?action=verify_phone&cellphone=13661648386
INFO: [ app_init ] --START--
INFO: Run Behavior\BuildLiteBehavior [ RunTime:0.000011s ]
INFO: [ app_init ] --END-- [ RunTime:0.000063s ]
INFO: [ app_begin ] --START--
INFO: Run Behavior\ReadHtmlCacheBehavior [ RunTime:0.000308s ]
INFO: [ app_begin ] --END-- [ RunTime:0.000348s ]
INFO: [ app_end ] --START--
INFO: Run Behavior\ShowPageTraceBehavior [ RunTime:0.000250s ]
INFO: [ app_end ] --END-- [ RunTime:0.000287s ]

[ 2014-11-20T00:22:33+08:00 ] ::1 /jpb/admin.php/API/request?action=verify_phone&cellphone=13661648386$code=111
INFO: [ app_init ] --START--
INFO: Run Behavior\BuildLiteBehavior [ RunTime:0.000010s ]
INFO: [ app_init ] --END-- [ RunTime:0.000061s ]
INFO: [ app_begin ] --START--
INFO: Run Behavior\ReadHtmlCacheBehavior [ RunTime:0.000282s ]
INFO: [ app_begin ] --END-- [ RunTime:0.000321s ]
INFO: [ app_end ] --START--
INFO: Run Behavior\ShowPageTraceBehavior [ RunTime:0.000250s ]
INFO: [ app_end ] --END-- [ RunTime:0.000287s ]

[ 2014-11-20T00:22:40+08:00 ] ::1 /jpb/admin.php/API/request?action=verify_phone&cellphone=13661648386&code=111
INFO: [ app_init ] --START--
INFO: Run Behavior\BuildLiteBehavior [ RunTime:0.000010s ]
INFO: [ app_init ] --END-- [ RunTime:0.000063s ]
INFO: [ app_begin ] --START--
INFO: Run Behavior\ReadHtmlCacheBehavior [ RunTime:0.000288s ]
INFO: [ app_begin ] --END-- [ RunTime:0.000327s ]
SQL: SHOW COLUMNS FROM `jpb_verify_code` [ RunTime:0.000882s ]
SQL: SELECT * FROM `jpb_verify_code` WHERE ( cellphone = 13661648386 AND code = 111 ) LIMIT 1   [ RunTime:0.000170s ]
INFO: [ app_end ] --START--
INFO: Run Behavior\ShowPageTraceBehavior [ RunTime:0.000362s ]
INFO: [ app_end ] --END-- [ RunTime:0.000404s ]

[ 2014-11-20T00:22:43+08:00 ] ::1 /jpb/admin.php/API/request?action=verify_phone&cellphone=13661648386&code=1111
INFO: [ app_init ] --START--
INFO: Run Behavior\BuildLiteBehavior [ RunTime:0.000011s ]
INFO: [ app_init ] --END-- [ RunTime:0.000064s ]
INFO: [ app_begin ] --START--
INFO: Run Behavior\ReadHtmlCacheBehavior [ RunTime:0.000307s ]
INFO: [ app_begin ] --END-- [ RunTime:0.000349s ]
SQL: SHOW COLUMNS FROM `jpb_verify_code` [ RunTime:0.000842s ]
SQL: SELECT * FROM `jpb_verify_code` WHERE ( cellphone = 13661648386 AND code = 1111 ) LIMIT 1   [ RunTime:0.000169s ]
SQL: UPDATE `jpb_verify_code` SET `id`=1,`cellphone`='13661648386',`code`=1111,`create_at`=1416413184,`status`=1 WHERE ( cellphone = 13661648386 AND code = 1111 ) [ RunTime:0.000428s ]
ERR: 1062:Duplicate entry '1' for key 'PRIMARY'
 [ SQL语句 ] : UPDATE `jpb_verify_code` SET `id`=1,`cellphone`='13661648386',`code`=1111,`create_at`=1416413184,`status`=1 WHERE ( cellphone = 13661648386 AND code = 1111 )
INFO: [ app_end ] --START--
INFO: Run Behavior\ShowPageTraceBehavior [ RunTime:0.000339s ]
INFO: [ app_end ] --END-- [ RunTime:0.000380s ]

[ 2014-11-20T00:23:10+08:00 ] ::1 /jpb/admin.php/API/request?action=verify_phone&cellphone=13661648386&code=1111
INFO: [ app_init ] --START--
INFO: Run Behavior\BuildLiteBehavior [ RunTime:0.000012s ]
INFO: [ app_init ] --END-- [ RunTime:0.000066s ]
INFO: [ app_begin ] --START--
INFO: Run Behavior\ReadHtmlCacheBehavior [ RunTime:0.000319s ]
INFO: [ app_begin ] --END-- [ RunTime:0.000362s ]
SQL: SHOW COLUMNS FROM `jpb_verify_code` [ RunTime:0.000747s ]
SQL: SELECT * FROM `jpb_verify_code` WHERE ( cellphone = 13661648386 AND code = 1111 ) LIMIT 1   [ RunTime:0.000285s ]
SQL: UPDATE `jpb_verify_code` SET `id`=1,`cellphone`='13661648386',`code`=1111,`create_at`=1416413184,`status`=1 WHERE ( cellphone = 13661648386 AND code = 1111 ) [ RunTime:0.000748s ]
ERR: 1062:Duplicate entry '1' for key 'PRIMARY'
 [ SQL语句 ] : UPDATE `jpb_verify_code` SET `id`=1,`cellphone`='13661648386',`code`=1111,`create_at`=1416413184,`status`=1 WHERE ( cellphone = 13661648386 AND code = 1111 )
INFO: [ app_end ] --START--
INFO: Run Behavior\ShowPageTraceBehavior [ RunTime:0.000340s ]
INFO: [ app_end ] --END-- [ RunTime:0.000379s ]

[ 2014-11-20T00:26:33+08:00 ] ::1 /jpb/admin.php/API/request?action=verify_phone&cellphone=13661648386&code=1111
INFO: [ app_init ] --START--
INFO: Run Behavior\BuildLiteBehavior [ RunTime:0.000015s ]
INFO: [ app_init ] --END-- [ RunTime:0.000075s ]
INFO: [ app_begin ] --START--
INFO: Run Behavior\ReadHtmlCacheBehavior [ RunTime:0.000366s ]
INFO: [ app_begin ] --END-- [ RunTime:0.000410s ]
SQL: SHOW COLUMNS FROM `jpb_verify_code` [ RunTime:0.000887s ]
SQL: SELECT * FROM `jpb_verify_code` WHERE ( cellphone = 13661648386 AND code = 1111 ) LIMIT 1   [ RunTime:0.000215s ]
SQL: UPDATE `jpb_verify_code` SET `id`=1,`cellphone`='13661648386',`code`=1111,`create_at`=1416413184,`status`=1 WHERE ( id =1 ) [ RunTime:0.000852s ]
INFO: [ app_end ] --START--
INFO: Run Behavior\ShowPageTraceBehavior [ RunTime:0.000338s ]
INFO: [ app_end ] --END-- [ RunTime:0.000385s ]

[ 2014-11-20T00:31:10+08:00 ] ::1 /jpb/admin.php/API/request?action=verify_phone&cellphone=13661648386&code=1111
INFO: [ app_init ] --START--
INFO: Run Behavior\BuildLiteBehavior [ RunTime:0.000011s ]
INFO: [ app_init ] --END-- [ RunTime:0.000069s ]
INFO: [ app_begin ] --START--
INFO: Run Behavior\ReadHtmlCacheBehavior [ RunTime:0.000347s ]
INFO: [ app_begin ] --END-- [ RunTime:0.000392s ]
SQL: SHOW COLUMNS FROM `jpb_verify_code` [ RunTime:0.000982s ]
SQL: SELECT * FROM `jpb_verify_code` WHERE ( cellphone = 13661648386 AND code = 1111 AND create_at >1416414070 ) LIMIT 1   [ RunTime:0.000239s ]
SQL: UPDATE `jpb_verify_code` SET `id`=2,`cellphone`='13661648386',`code`=1111,`create_at`=1416414122,`status`=1 WHERE ( id =2 ) [ RunTime:0.000381s ]
INFO: [ app_end ] --START--
INFO: Run Behavior\ShowPageTraceBehavior [ RunTime:0.000378s ]
INFO: [ app_end ] --END-- [ RunTime:0.000418s ]

[ 2014-11-20T00:31:46+08:00 ] ::1 /jpb/admin.php/API/request?action=verify_phone&cellphone=13661648386&code=1111
INFO: [ app_init ] --START--
INFO: Run Behavior\BuildLiteBehavior [ RunTime:0.000018s ]
INFO: [ app_init ] --END-- [ RunTime:0.000072s ]
INFO: [ app_begin ] --START--
INFO: Run Behavior\ReadHtmlCacheBehavior [ RunTime:0.000319s ]
INFO: [ app_begin ] --END-- [ RunTime:0.000362s ]
SQL: SHOW COLUMNS FROM `jpb_verify_code` [ RunTime:0.000840s ]
SQL: SELECT * FROM `jpb_verify_code` WHERE ( cellphone = 13661648386 AND code = 1111 AND create_at >1416414106 ) LIMIT 1   [ RunTime:0.000174s ]
INFO: [ app_end ] --START--
INFO: Run Behavior\ShowPageTraceBehavior [ RunTime:0.000334s ]
INFO: [ app_end ] --END-- [ RunTime:0.000373s ]

[ 2014-11-20T00:32:02+08:00 ] ::1 /jpb/admin.php/API/request?action=apply_verify&cellphone=13661648386
INFO: [ app_init ] --START--
INFO: Run Behavior\BuildLiteBehavior [ RunTime:0.000010s ]
INFO: [ app_init ] --END-- [ RunTime:0.000062s ]
INFO: [ app_begin ] --START--
INFO: Run Behavior\ReadHtmlCacheBehavior [ RunTime:0.000506s ]
INFO: [ app_begin ] --END-- [ RunTime:0.000546s ]
SQL: SHOW COLUMNS FROM `jpb_verify_code` [ RunTime:0.000772s ]
SQL: INSERT INTO `jpb_verify_code` (`cellphone`,`code`,`create_at`) VALUES ('13661648386',1111,1416414722) [ RunTime:0.000313s ]
INFO: [ app_end ] --START--
INFO: Run Behavior\ShowPageTraceBehavior [ RunTime:0.000289s ]
INFO: [ app_end ] --END-- [ RunTime:0.000338s ]

[ 2014-11-20T00:32:06+08:00 ] ::1 /jpb/admin.php/API/request?action=verify_phone&cellphone=13661648386&code=1111
INFO: [ app_init ] --START--
INFO: Run Behavior\BuildLiteBehavior [ RunTime:0.000010s ]
INFO: [ app_init ] --END-- [ RunTime:0.000061s ]
INFO: [ app_begin ] --START--
INFO: Run Behavior\ReadHtmlCacheBehavior [ RunTime:0.000281s ]
INFO: [ app_begin ] --END-- [ RunTime:0.000319s ]
SQL: SHOW COLUMNS FROM `jpb_verify_code` [ RunTime:0.000989s ]
SQL: SELECT * FROM `jpb_verify_code` WHERE ( cellphone = 13661648386 AND code = 1111 AND create_at >1416414126 ) LIMIT 1   [ RunTime:0.000214s ]
SQL: UPDATE `jpb_verify_code` SET `id`=3,`cellphone`='13661648386',`code`=1111,`create_at`=1416414722,`status`=1 WHERE ( id =3 ) [ RunTime:0.000317s ]
INFO: [ app_end ] --START--
INFO: Run Behavior\ShowPageTraceBehavior [ RunTime:0.000351s ]
INFO: [ app_end ] --END-- [ RunTime:0.000394s ]

[ 2014-11-20T00:33:35+08:00 ] ::1 /jpb/admin.php/API/request?action=apply_verify&cellphone=13661648386
INFO: [ app_init ] --START--
INFO: Run Behavior\BuildLiteBehavior [ RunTime:0.000012s ]
INFO: [ app_init ] --END-- [ RunTime:0.000066s ]
INFO: [ app_begin ] --START--
INFO: Run Behavior\ReadHtmlCacheBehavior [ RunTime:0.000282s ]
INFO: [ app_begin ] --END-- [ RunTime:0.000324s ]
SQL: SHOW COLUMNS FROM `jpb_verify_code` [ RunTime:0.001000s ]
SQL: INSERT INTO `jpb_verify_code` (`cellphone`,`code`,`create_at`) VALUES ('13661648386',1111,1416414815) [ RunTime:0.000273s ]
INFO: [ app_end ] --START--
INFO: Run Behavior\ShowPageTraceBehavior [ RunTime:0.000350s ]
INFO: [ app_end ] --END-- [ RunTime:0.000402s ]

[ 2014-11-20T00:33:46+08:00 ] ::1 /jpb/admin.php/API/request?action=apply_verify&cellphone=13661648386
INFO: [ app_init ] --START--
INFO: Run Behavior\BuildLiteBehavior [ RunTime:0.000011s ]
INFO: [ app_init ] --END-- [ RunTime:0.000066s ]
INFO: [ app_begin ] --START--
INFO: Run Behavior\ReadHtmlCacheBehavior [ RunTime:0.000302s ]
INFO: [ app_begin ] --END-- [ RunTime:0.000346s ]
SQL: SHOW COLUMNS FROM `jpb_verify_code` [ RunTime:0.000869s ]
SQL: INSERT INTO `jpb_verify_code` (`cellphone`,`code`,`create_at`) VALUES ('13661648386',1111,1416414826) [ RunTime:0.000332s ]
INFO: [ app_end ] --START--
INFO: Run Behavior\ShowPageTraceBehavior [ RunTime:0.000321s ]
INFO: [ app_end ] --END-- [ RunTime:0.000366s ]

